<?xml version="1.0" encoding="UTF-8"?>
<testng-results ignored="0" total="1" passed="1" failed="0" skipped="0">
  <reporter-output>
  </reporter-output>
  <suite started-at="2023-07-22T12:48:45 IST" name="Default suite" finished-at="2023-07-22T12:49:01 IST" duration-ms="16163">
    <groups>
    </groups>
    <test started-at="2023-07-22T12:48:45 IST" name="Default test" finished-at="2023-07-22T12:49:01 IST" duration-ms="16163">
      <class name="assignmentQuestions.testAdvancePropertySearch">
        <test-method signature="test()[pri:0, instance:assignmentQuestions.testAdvancePropertySearch@7d8995e]" started-at="2023-07-22T12:48:45 IST" name="test" finished-at="2023-07-22T12:49:01 IST" duration-ms="16109" status="PASS">
          <reporter-output>
          </reporter-output>
        </test-method> <!-- test -->
      </class> <!-- assignmentQuestions.testAdvancePropertySearch -->
    </test> <!-- Default test -->
  </suite> <!-- Default suite -->
</testng-results>
