<?xml version="1.0" encoding="UTF-8"?>
<!-- Generated by org.testng.reporters.JUnitXMLReporter -->
<testsuite ignored="0" hostname="LAPTOP-BFL3PLL7" failures="0" tests="3" name="Test" time="0.07" errors="0" timestamp="2023-07-19T12:53:05 IST">
  <testcase classname="com.actitime.testscript.CustomerModule" name="modifyCustomer" time="0.015"/>
  <testcase classname="com.actitime.testscript.CustomerModule" name="createCustomer" time="0.008"/>
  <testcase classname="com.actitime.testscript.CustomerModule" name="deleteCustomer" time="0.0"/>
</testsuite> <!-- Test -->
