<?xml version="1.0" encoding="UTF-8"?>
<testng-results ignored="0" total="1" passed="1" failed="0" skipped="0">
  <reporter-output>
    <line>
      <![CDATA[Welcome to testNG]]>
    </line>
  </reporter-output>
  <suite started-at="2023-07-18T01:04:17 IST" name="Default suite" finished-at="2023-07-18T01:04:17 IST" duration-ms="36">
    <groups>
    </groups>
    <test started-at="2023-07-18T01:04:17 IST" name="Default test" finished-at="2023-07-18T01:04:17 IST" duration-ms="36">
      <class name="testNG.DemoTestNG">
        <test-method signature="demoTest()[pri:0, instance:testNG.DemoTestNG@7334aada]" started-at="2023-07-18T01:04:17 IST" name="demoTest" finished-at="2023-07-18T01:04:17 IST" duration-ms="11" status="PASS">
          <reporter-output>
            <line>
              <![CDATA[Welcome to testNG]]>
            </line>
          </reporter-output>
        </test-method> <!-- demoTest -->
      </class> <!-- testNG.DemoTestNG -->
    </test> <!-- Default test -->
  </suite> <!-- Default suite -->
</testng-results>
