<?xml version="1.0" encoding="UTF-8"?>
<testng-results ignored="0" total="1" passed="1" failed="0" skipped="0">
  <reporter-output>
    <line>
      <![CDATA[openBrowser]]>
    </line>
    <line>
      <![CDATA[login]]>
    </line>
    <line>
      <![CDATA[Create Customer]]>
    </line>
    <line>
      <![CDATA[logout]]>
    </line>
    <line>
      <![CDATA[closeBrowser]]>
    </line>
  </reporter-output>
  <suite started-at="2023-07-24T12:39:35 IST" name="Default suite" finished-at="2023-07-24T12:40:25 IST" duration-ms="49168">
    <groups>
    </groups>
    <test started-at="2023-07-24T12:39:35 IST" name="Default test" finished-at="2023-07-24T12:40:25 IST" duration-ms="49168">
      <class name="com.actitime.testscript.CustomerModule">
        <test-method is-config="true" signature="openBrowser()[pri:0, instance:com.actitime.testscript.CustomerModule@7c6908d7]" started-at="2023-07-24T12:39:35 IST" name="openBrowser" finished-at="2023-07-24T12:39:37 IST" duration-ms="1734" status="PASS">
          <reporter-output>
            <line>
              <![CDATA[openBrowser]]>
            </line>
          </reporter-output>
        </test-method> <!-- openBrowser -->
        <test-method is-config="true" signature="login()[pri:0, instance:com.actitime.testscript.CustomerModule@7c6908d7]" started-at="2023-07-24T12:39:37 IST" name="login" finished-at="2023-07-24T12:39:56 IST" duration-ms="18446" status="PASS">
          <reporter-output>
            <line>
              <![CDATA[login]]>
            </line>
          </reporter-output>
        </test-method> <!-- login -->
        <test-method signature="testCreateCustomer()[pri:0, instance:com.actitime.testscript.CustomerModule@7c6908d7]" started-at="2023-07-24T12:39:56 IST" name="testCreateCustomer" finished-at="2023-07-24T12:40:18 IST" duration-ms="22538" status="PASS">
          <reporter-output>
            <line>
              <![CDATA[Create Customer]]>
            </line>
          </reporter-output>
        </test-method> <!-- testCreateCustomer -->
        <test-method is-config="true" signature="logout()[pri:0, instance:com.actitime.testscript.CustomerModule@7c6908d7]" started-at="2023-07-24T12:40:18 IST" name="logout" finished-at="2023-07-24T12:40:24 IST" duration-ms="5956" status="PASS">
          <reporter-output>
            <line>
              <![CDATA[logout]]>
            </line>
          </reporter-output>
        </test-method> <!-- logout -->
        <test-method is-config="true" signature="closeBrowser()[pri:0, instance:com.actitime.testscript.CustomerModule@7c6908d7]" started-at="2023-07-24T12:40:24 IST" name="closeBrowser" finished-at="2023-07-24T12:40:25 IST" duration-ms="468" status="PASS">
          <reporter-output>
            <line>
              <![CDATA[closeBrowser]]>
            </line>
          </reporter-output>
        </test-method> <!-- closeBrowser -->
      </class> <!-- com.actitime.testscript.CustomerModule -->
    </test> <!-- Default test -->
  </suite> <!-- Default suite -->
</testng-results>
